<?xml version="1.0" encoding="UTF-8"?>
<!-- Generated by org.testng.reporters.JUnitReportReporter -->
<testsuite hostname="DESKTOP-BJ91MAS" failures="0" tests="5" name="testcases" time="5.765" errors="0" timestamp="2023-05-28T12:04:09 AST" skipped="0">
  <testcase classname="testcases" name="Defult_Currency_SAR" time="0.077"/>
  <system-out/>
  <testcase classname="testcases" name="Test_Qitaf_Logo" time="1.198"/>
  <system-out/>
  <testcase classname="testcases" name="Check_The_Website_Language" time="2.226"/>
  <system-out/>
  <testcase classname="testcases" name="Location_Field" time="2.191"/>
  <system-out/>
  <testcase classname="testcases" name="Hotels_Tab_Is_Not_Selected" time="0.073"/>
  <system-out/>
</testsuite> <!-- testcases -->
